0 info it worked if it ends with ok
1 verbose cli [ '/home/brian/.nvm/v0.11.16/bin/node',
1 verbose cli   '/home/brian/.nvm/v0.11.16/bin/npm',
1 verbose cli   'start' ]
2 info using npm@2.3.0
3 info using node@v0.11.16
4 verbose run-script [ 'prestart', 'start', 'poststart' ]
5 info prestart betting-on-node@1.0.0
6 info start betting-on-node@1.0.0
7 verbose unsafe-perm in lifecycle true
8 info betting-on-node@1.0.0 Failed to exec start script
9 verbose stack Error: betting-on-node@1.0.0 start: `node game.js`
9 verbose stack Exit status 1
9 verbose stack     at EventEmitter.<anonymous> (/home/brian/.nvm/v0.11.16/lib/node_modules/npm/lib/utils/lifecycle.js:213:16)
9 verbose stack     at EventEmitter.emit (events.js:110:17)
9 verbose stack     at ChildProcess.<anonymous> (/home/brian/.nvm/v0.11.16/lib/node_modules/npm/lib/utils/spawn.js:14:12)
9 verbose stack     at ChildProcess.emit (events.js:110:17)
9 verbose stack     at maybeClose (child_process.js:1008:16)
9 verbose stack     at Process.ChildProcess._handle.onexit (child_process.js:1080:5)
10 verbose pkgid betting-on-node@1.0.0
11 verbose cwd /home/brian/lighthouse/betting-node
12 error Linux 3.13.0-62-generic
13 error argv "/home/brian/.nvm/v0.11.16/bin/node" "/home/brian/.nvm/v0.11.16/bin/npm" "start"
14 error node v0.11.16
15 error npm  v2.3.0
16 error code ELIFECYCLE
17 error betting-on-node@1.0.0 start: `node game.js`
17 error Exit status 1
18 error Failed at the betting-on-node@1.0.0 start script 'node game.js'.
18 error This is most likely a problem with the betting-on-node package,
18 error not with npm itself.
18 error Tell the author that this fails on your system:
18 error     node game.js
18 error You can get their info via:
18 error     npm owner ls betting-on-node
18 error There is likely additional logging output above.
19 verbose exit [ 1, true ]
